c:\users\dave lee\source\repos\pw_manager\pw_manager\x64\debug\vc143.pdb
c:\users\dave lee\source\repos\pw_manager\pw_manager\x64\debug\vc143.idb
c:\users\dave lee\source\repos\pw_manager\pw_manager\x64\debug\wchartoint.obj
c:\users\dave lee\source\repos\pw_manager\pw_manager\x64\debug\pw_gen.obj
c:\users\dave lee\source\repos\pw_manager\pw_manager\x64\debug\main.obj
c:\users\dave lee\source\repos\pw_manager\pw_manager\x64\debug\bytetochar.obj
c:\users\dave lee\source\repos\pw_manager\x64\debug\pw_manager.exe
c:\users\dave lee\source\repos\pw_manager\x64\debug\pw_manager.pdb
c:\users\dave lee\source\repos\pw_manager\pw_manager\x64\debug\pw_manager.exe.embed.manifest.res
c:\users\dave lee\source\repos\pw_manager\pw_manager\x64\debug\pw_manager.ilk
c:\users\dave lee\source\repos\pw_manager\pw_manager\x64\debug\pw_manager.exe.embed.manifest
c:\users\dave lee\source\repos\pw_manager\pw_manager\x64\debug\pw_manager_manifest.rc
c:\users\dave lee\source\repos\pw_manager\pw_manager\x64\debug\pw_manager.tlog\cl.command.1.tlog
c:\users\dave lee\source\repos\pw_manager\pw_manager\x64\debug\pw_manager.tlog\cl.items.tlog
c:\users\dave lee\source\repos\pw_manager\pw_manager\x64\debug\pw_manager.tlog\cl.read.1.tlog
c:\users\dave lee\source\repos\pw_manager\pw_manager\x64\debug\pw_manager.tlog\cl.write.1.tlog
c:\users\dave lee\source\repos\pw_manager\pw_manager\x64\debug\pw_manager.tlog\link.command.1.tlog
c:\users\dave lee\source\repos\pw_manager\pw_manager\x64\debug\pw_manager.tlog\link.read.1.tlog
c:\users\dave lee\source\repos\pw_manager\pw_manager\x64\debug\pw_manager.tlog\link.secondary.1.tlog
c:\users\dave lee\source\repos\pw_manager\pw_manager\x64\debug\pw_manager.tlog\link.write.1.tlog
c:\users\dave lee\source\repos\pw_manager\pw_manager\x64\debug\pw_manager.tlog\rc.command.1.tlog
c:\users\dave lee\source\repos\pw_manager\pw_manager\x64\debug\pw_manager.tlog\rc.read.1.tlog
c:\users\dave lee\source\repos\pw_manager\pw_manager\x64\debug\pw_manager.tlog\rc.write.1.tlog
